#-----------------------------------------------------------
# Vivado v2020.2 (64-bit)
# SW Build 3064766 on Wed Nov 18 09:12:45 MST 2020
# IP Build 3064653 on Wed Nov 18 14:17:31 MST 2020
# Start of session at: Sat Dec  2 19:24:40 2023
# Process ID: 23484
# Current directory: C:/Users/villalba/MPLABXProjects/ece212_alex_maurice/lab11
# Command line: vivado.exe -gui_launcher_event rodinguilauncherevent28148 C:\Users\villalba\MPLABXProjects\ece212_alex_maurice\lab11\lab11.xpr
# Log file: C:/Users/villalba/MPLABXProjects/ece212_alex_maurice/lab11/vivado.log
# Journal file: C:/Users/villalba/MPLABXProjects/ece212_alex_maurice/lab11\vivado.jou
#-----------------------------------------------------------
start_gui
open_project C:/Users/villalba/MPLABXProjects/ece212_alex_maurice/lab11/lab11.xpr
WARNING: [filemgmt 56-3] Default IP Output Path : Could not find the directory 'C:/Users/villalba/MPLABXProjects/ece212_alex_maurice/lab11/lab11.gen/sources_1'.
Scanning sources...
Finished scanning sources
INFO: [IP_Flow 19-234] Refreshing IP repositories
INFO: [IP_Flow 19-1704] No user IP repositories specified
INFO: [IP_Flow 19-2313] Loaded Vivado IP repository 'C:/Xilinx/Vivado/2020.2/data/ip'.
update_compile_order -fileset sources_1
synth_design -rtl -rtl_skip_mlo -name rtl_1
Command: synth_design -rtl -rtl_skip_mlo -name rtl_1
Starting synth_design
Using part: xc7vx485tffg1157-1
Top: top
INFO: [Device 21-403] Loading part xc7vx485tffg1157-1
---------------------------------------------------------------------------------
Starting RTL Elaboration : Time (s): cpu = 00:00:01 ; elapsed = 00:00:02 . Memory (MB): peak = 1731.668 ; gain = 249.758
---------------------------------------------------------------------------------
INFO: [Synth 8-6157] synthesizing module 'top' [C:/Users/villalba/MPLABXProjects/ece212_alex_maurice/lab11/sv/top.sv:11]
INFO: [Synth 8-6157] synthesizing module 'mips' [C:/Users/villalba/MPLABXProjects/ece212_alex_maurice/lab11/sv/mips.sv:12]
INFO: [Synth 8-6157] synthesizing module 'controller' [C:/Users/villalba/MPLABXProjects/ece212_alex_maurice/lab11/sv/controller.sv:17]
INFO: [Synth 8-6157] synthesizing module 'maindec' [C:/Users/villalba/MPLABXProjects/ece212_alex_maurice/lab11/sv/maindec.sv:15]
INFO: [Synth 8-6155] done synthesizing module 'maindec' (1#1) [C:/Users/villalba/MPLABXProjects/ece212_alex_maurice/lab11/sv/maindec.sv:15]
INFO: [Synth 8-6157] synthesizing module 'aludec' [C:/Users/villalba/MPLABXProjects/ece212_alex_maurice/lab11/sv/aludec.sv:12]
INFO: [Synth 8-6155] done synthesizing module 'aludec' (2#1) [C:/Users/villalba/MPLABXProjects/ece212_alex_maurice/lab11/sv/aludec.sv:12]
WARNING: [Synth 8-6104] Input port 'funct' has an internal driver [C:/Users/villalba/MPLABXProjects/ece212_alex_maurice/lab11/sv/controller.sv:34]
INFO: [Synth 8-6155] done synthesizing module 'controller' (3#1) [C:/Users/villalba/MPLABXProjects/ece212_alex_maurice/lab11/sv/controller.sv:17]
INFO: [Synth 8-6157] synthesizing module 'datapath' [C:/Users/villalba/MPLABXProjects/ece212_alex_maurice/lab11/sv/datapath.sv:12]
INFO: [Synth 8-6157] synthesizing module 'pr_pc' [C:/Users/villalba/MPLABXProjects/ece212_alex_maurice/lab11/sv/pr_pc.sv:1]
INFO: [Synth 8-6155] done synthesizing module 'pr_pc' (4#1) [C:/Users/villalba/MPLABXProjects/ece212_alex_maurice/lab11/sv/pr_pc.sv:1]
INFO: [Synth 8-6157] synthesizing module 'adder' [C:/Users/villalba/MPLABXProjects/ece212_alex_maurice/lab11/sv/adder.sv:9]
INFO: [Synth 8-6155] done synthesizing module 'adder' (5#1) [C:/Users/villalba/MPLABXProjects/ece212_alex_maurice/lab11/sv/adder.sv:9]
INFO: [Synth 8-6157] synthesizing module 'mux2' [C:/Users/villalba/MPLABXProjects/ece212_alex_maurice/lab11/sv/mux2.sv:9]
	Parameter WIDTH bound to: 32 - type: integer 
INFO: [Synth 8-6155] done synthesizing module 'mux2' (6#1) [C:/Users/villalba/MPLABXProjects/ece212_alex_maurice/lab11/sv/mux2.sv:9]
INFO: [Synth 8-6157] synthesizing module 'pr_f_d' [C:/Users/villalba/MPLABXProjects/ece212_alex_maurice/lab11/sv/pr_f_d.sv:1]
INFO: [Synth 8-6155] done synthesizing module 'pr_f_d' (7#1) [C:/Users/villalba/MPLABXProjects/ece212_alex_maurice/lab11/sv/pr_f_d.sv:1]
INFO: [Synth 8-6157] synthesizing module 'regfile' [C:/Users/villalba/MPLABXProjects/ece212_alex_maurice/lab11/sv/regfile.sv:8]
INFO: [Synth 8-6155] done synthesizing module 'regfile' (8#1) [C:/Users/villalba/MPLABXProjects/ece212_alex_maurice/lab11/sv/regfile.sv:8]
INFO: [Synth 8-6157] synthesizing module 'signext' [C:/Users/villalba/MPLABXProjects/ece212_alex_maurice/lab11/sv/signext.sv:8]
INFO: [Synth 8-6155] done synthesizing module 'signext' (9#1) [C:/Users/villalba/MPLABXProjects/ece212_alex_maurice/lab11/sv/signext.sv:8]
INFO: [Synth 8-6157] synthesizing module 'sl2' [C:/Users/villalba/MPLABXProjects/ece212_alex_maurice/lab11/sv/sl2.sv:9]
INFO: [Synth 8-6155] done synthesizing module 'sl2' (10#1) [C:/Users/villalba/MPLABXProjects/ece212_alex_maurice/lab11/sv/sl2.sv:9]
INFO: [Synth 8-6157] synthesizing module 'pr_d_e' [C:/Users/villalba/MPLABXProjects/ece212_alex_maurice/lab11/sv/pr_d_e.sv:1]
INFO: [Synth 8-6155] done synthesizing module 'pr_d_e' (11#1) [C:/Users/villalba/MPLABXProjects/ece212_alex_maurice/lab11/sv/pr_d_e.sv:1]
INFO: [Synth 8-6157] synthesizing module 'alu' [C:/Users/villalba/MPLABXProjects/ece212_alex_maurice/lab11/sv/alu.sv:8]
INFO: [Synth 8-6155] done synthesizing module 'alu' (12#1) [C:/Users/villalba/MPLABXProjects/ece212_alex_maurice/lab11/sv/alu.sv:8]
INFO: [Synth 8-6157] synthesizing module 'mux2__parameterized0' [C:/Users/villalba/MPLABXProjects/ece212_alex_maurice/lab11/sv/mux2.sv:9]
	Parameter WIDTH bound to: 5 - type: integer 
INFO: [Synth 8-6155] done synthesizing module 'mux2__parameterized0' (12#1) [C:/Users/villalba/MPLABXProjects/ece212_alex_maurice/lab11/sv/mux2.sv:9]
INFO: [Synth 8-6157] synthesizing module 'pr_e_m' [C:/Users/villalba/MPLABXProjects/ece212_alex_maurice/lab11/sv/pr_e_m.sv:1]
INFO: [Synth 8-6155] done synthesizing module 'pr_e_m' (13#1) [C:/Users/villalba/MPLABXProjects/ece212_alex_maurice/lab11/sv/pr_e_m.sv:1]
INFO: [Synth 8-6157] synthesizing module 'pr_m_w' [C:/Users/villalba/MPLABXProjects/ece212_alex_maurice/lab11/sv/pr_m_w.sv:1]
INFO: [Synth 8-6155] done synthesizing module 'pr_m_w' (14#1) [C:/Users/villalba/MPLABXProjects/ece212_alex_maurice/lab11/sv/pr_m_w.sv:1]
INFO: [Synth 8-6155] done synthesizing module 'datapath' (15#1) [C:/Users/villalba/MPLABXProjects/ece212_alex_maurice/lab11/sv/datapath.sv:12]
INFO: [Synth 8-6155] done synthesizing module 'mips' (16#1) [C:/Users/villalba/MPLABXProjects/ece212_alex_maurice/lab11/sv/mips.sv:12]
INFO: [Synth 8-6157] synthesizing module 'imem' [C:/Users/villalba/MPLABXProjects/ece212_alex_maurice/lab11/sv/imem.sv:15]
	Parameter SIZE bound to: 64 - type: integer 
INFO: [Synth 8-3876] $readmem data file 'lab11memfile.dat' is read successfully [C:/Users/villalba/MPLABXProjects/ece212_alex_maurice/lab11/sv/imem.sv:28]
INFO: [Synth 8-6155] done synthesizing module 'imem' (17#1) [C:/Users/villalba/MPLABXProjects/ece212_alex_maurice/lab11/sv/imem.sv:15]
INFO: [Synth 8-6157] synthesizing module 'dmem' [C:/Users/villalba/MPLABXProjects/ece212_alex_maurice/lab11/sv/dmem.sv:14]
	Parameter SIZE bound to: 32 - type: integer 
INFO: [Synth 8-6155] done synthesizing module 'dmem' (18#1) [C:/Users/villalba/MPLABXProjects/ece212_alex_maurice/lab11/sv/dmem.sv:14]
INFO: [Synth 8-6155] done synthesizing module 'top' (19#1) [C:/Users/villalba/MPLABXProjects/ece212_alex_maurice/lab11/sv/top.sv:11]
---------------------------------------------------------------------------------
Finished RTL Elaboration : Time (s): cpu = 00:00:02 ; elapsed = 00:00:03 . Memory (MB): peak = 1810.137 ; gain = 328.227
---------------------------------------------------------------------------------
---------------------------------------------------------------------------------
Start Handling Custom Attributes
---------------------------------------------------------------------------------
---------------------------------------------------------------------------------
Finished Handling Custom Attributes : Time (s): cpu = 00:00:02 ; elapsed = 00:00:04 . Memory (MB): peak = 1810.137 ; gain = 328.227
---------------------------------------------------------------------------------
---------------------------------------------------------------------------------
Finished RTL Optimization Phase 1 : Time (s): cpu = 00:00:02 ; elapsed = 00:00:04 . Memory (MB): peak = 1810.137 ; gain = 328.227
---------------------------------------------------------------------------------
Netlist sorting complete. Time (s): cpu = 00:00:00 ; elapsed = 00:00:00.016 . Memory (MB): peak = 1810.137 ; gain = 0.000
INFO: [Project 1-570] Preparing netlist for logic optimization

Processing XDC Constraints
Initializing timing engine
Completed Processing XDC Constraints

Netlist sorting complete. Time (s): cpu = 00:00:00 ; elapsed = 00:00:00 . Memory (MB): peak = 1908.465 ; gain = 0.000
INFO: [Project 1-111] Unisim Transformation Summary:
No Unisim elements were transformed.

RTL Elaboration Complete:  : Time (s): cpu = 00:00:04 ; elapsed = 00:00:07 . Memory (MB): peak = 2084.812 ; gain = 602.902
44 Infos, 1 Warnings, 0 Critical Warnings and 0 Errors encountered.
synth_design completed successfully
synth_design: Time (s): cpu = 00:00:07 ; elapsed = 00:00:17 . Memory (MB): peak = 2084.812 ; gain = 977.676
set_property top mux3 [current_fileset]
refresh_design
---------------------------------------------------------------------------------
Starting RTL Elaboration : Time (s): cpu = 00:00:01 ; elapsed = 00:00:02 . Memory (MB): peak = 2113.344 ; gain = 4.520
---------------------------------------------------------------------------------
ERROR: [Synth 8-439] module 'mux3' not found
---------------------------------------------------------------------------------
Finished RTL Elaboration : Time (s): cpu = 00:00:02 ; elapsed = 00:00:03 . Memory (MB): peak = 2147.016 ; gain = 38.191
---------------------------------------------------------------------------------
RTL Elaboration failed
ERROR: [Common 17-39] 'refresh_design' failed due to earlier errors.
update_compile_order -fileset sources_1
refresh_design
---------------------------------------------------------------------------------
Starting RTL Elaboration : Time (s): cpu = 00:00:00 ; elapsed = 00:00:02 . Memory (MB): peak = 2169.254 ; gain = 17.555
---------------------------------------------------------------------------------
INFO: [Synth 8-6157] synthesizing module 'mux3' [C:/Users/villalba/MPLABXProjects/ece212_alex_maurice/lab11/lab11.srcs/sources_1/new/mux3.sv:22]
INFO: [Synth 8-6155] done synthesizing module 'mux3' (1#1) [C:/Users/villalba/MPLABXProjects/ece212_alex_maurice/lab11/lab11.srcs/sources_1/new/mux3.sv:22]
---------------------------------------------------------------------------------
Finished RTL Elaboration : Time (s): cpu = 00:00:01 ; elapsed = 00:00:03 . Memory (MB): peak = 2169.254 ; gain = 17.555
---------------------------------------------------------------------------------
---------------------------------------------------------------------------------
Start Handling Custom Attributes
---------------------------------------------------------------------------------
---------------------------------------------------------------------------------
Finished Handling Custom Attributes : Time (s): cpu = 00:00:01 ; elapsed = 00:00:03 . Memory (MB): peak = 2178.098 ; gain = 26.398
---------------------------------------------------------------------------------
---------------------------------------------------------------------------------
Finished RTL Optimization Phase 1 : Time (s): cpu = 00:00:01 ; elapsed = 00:00:03 . Memory (MB): peak = 2178.098 ; gain = 26.398
---------------------------------------------------------------------------------
Netlist sorting complete. Time (s): cpu = 00:00:00 ; elapsed = 00:00:00 . Memory (MB): peak = 2190.152 ; gain = 0.000
INFO: [Project 1-570] Preparing netlist for logic optimization

Processing XDC Constraints
Initializing timing engine
Completed Processing XDC Constraints

refresh_design: Time (s): cpu = 00:00:03 ; elapsed = 00:00:06 . Memory (MB): peak = 2190.152 ; gain = 38.453
refresh_design
---------------------------------------------------------------------------------
Starting RTL Elaboration : Time (s): cpu = 00:00:01 ; elapsed = 00:00:02 . Memory (MB): peak = 2190.152 ; gain = 0.000
---------------------------------------------------------------------------------
INFO: [Synth 8-6157] synthesizing module 'mux3' [C:/Users/villalba/MPLABXProjects/ece212_alex_maurice/lab11/lab11.srcs/sources_1/new/mux3.sv:22]
	Parameter WIDTH bound to: 8 - type: integer 
INFO: [Synth 8-6155] done synthesizing module 'mux3' (1#1) [C:/Users/villalba/MPLABXProjects/ece212_alex_maurice/lab11/lab11.srcs/sources_1/new/mux3.sv:22]
---------------------------------------------------------------------------------
Finished RTL Elaboration : Time (s): cpu = 00:00:01 ; elapsed = 00:00:03 . Memory (MB): peak = 2190.152 ; gain = 0.000
---------------------------------------------------------------------------------
---------------------------------------------------------------------------------
Start Handling Custom Attributes
---------------------------------------------------------------------------------
---------------------------------------------------------------------------------
Finished Handling Custom Attributes : Time (s): cpu = 00:00:01 ; elapsed = 00:00:03 . Memory (MB): peak = 2190.152 ; gain = 0.000
---------------------------------------------------------------------------------
---------------------------------------------------------------------------------
Finished RTL Optimization Phase 1 : Time (s): cpu = 00:00:01 ; elapsed = 00:00:03 . Memory (MB): peak = 2190.152 ; gain = 0.000
---------------------------------------------------------------------------------
Netlist sorting complete. Time (s): cpu = 00:00:00 ; elapsed = 00:00:00 . Memory (MB): peak = 2190.152 ; gain = 0.000
INFO: [Project 1-570] Preparing netlist for logic optimization

Processing XDC Constraints
Initializing timing engine
Completed Processing XDC Constraints

refresh_design: Time (s): cpu = 00:00:03 ; elapsed = 00:00:06 . Memory (MB): peak = 2190.152 ; gain = 0.000
set_property top mux2 [current_fileset]
set_property top_lib xil_defaultlib [current_fileset]
set_property top_file C:/Users/villalba/MPLABXProjects/ece212_alex_maurice/lab11/sv/mux2.sv [current_fileset]
refresh_design
---------------------------------------------------------------------------------
Starting RTL Elaboration : Time (s): cpu = 00:00:01 ; elapsed = 00:00:02 . Memory (MB): peak = 2190.152 ; gain = 0.000
---------------------------------------------------------------------------------
ERROR: [Synth 8-439] module 'mux2' not found
---------------------------------------------------------------------------------
Finished RTL Elaboration : Time (s): cpu = 00:00:01 ; elapsed = 00:00:03 . Memory (MB): peak = 2190.152 ; gain = 0.000
---------------------------------------------------------------------------------
RTL Elaboration failed
ERROR: [Common 17-39] 'refresh_design' failed due to earlier errors.
update_compile_order -fileset sources_1
refresh_design
---------------------------------------------------------------------------------
Starting RTL Elaboration : Time (s): cpu = 00:00:01 ; elapsed = 00:00:03 . Memory (MB): peak = 2190.152 ; gain = 0.000
---------------------------------------------------------------------------------
INFO: [Synth 8-6157] synthesizing module 'mux2' [C:/Users/villalba/MPLABXProjects/ece212_alex_maurice/lab11/sv/mux2.sv:9]
	Parameter WIDTH bound to: 8 - type: integer 
INFO: [Synth 8-6155] done synthesizing module 'mux2' (1#1) [C:/Users/villalba/MPLABXProjects/ece212_alex_maurice/lab11/sv/mux2.sv:9]
---------------------------------------------------------------------------------
Finished RTL Elaboration : Time (s): cpu = 00:00:02 ; elapsed = 00:00:04 . Memory (MB): peak = 2190.152 ; gain = 0.000
---------------------------------------------------------------------------------
---------------------------------------------------------------------------------
Start Handling Custom Attributes
---------------------------------------------------------------------------------
---------------------------------------------------------------------------------
Finished Handling Custom Attributes : Time (s): cpu = 00:00:02 ; elapsed = 00:00:04 . Memory (MB): peak = 2190.152 ; gain = 0.000
---------------------------------------------------------------------------------
---------------------------------------------------------------------------------
Finished RTL Optimization Phase 1 : Time (s): cpu = 00:00:02 ; elapsed = 00:00:04 . Memory (MB): peak = 2190.152 ; gain = 0.000
---------------------------------------------------------------------------------
Netlist sorting complete. Time (s): cpu = 00:00:00 ; elapsed = 00:00:00 . Memory (MB): peak = 2190.152 ; gain = 0.000
INFO: [Project 1-570] Preparing netlist for logic optimization

Processing XDC Constraints
Initializing timing engine
Completed Processing XDC Constraints

refresh_design: Time (s): cpu = 00:00:04 ; elapsed = 00:00:08 . Memory (MB): peak = 2190.152 ; gain = 0.000
set_property top datapath [current_fileset]
update_compile_order -fileset sources_1
refresh_design
---------------------------------------------------------------------------------
Starting RTL Elaboration : Time (s): cpu = 00:00:01 ; elapsed = 00:00:04 . Memory (MB): peak = 2190.152 ; gain = 0.000
---------------------------------------------------------------------------------
INFO: [Synth 8-6157] synthesizing module 'datapath' [C:/Users/villalba/MPLABXProjects/ece212_alex_maurice/lab11/sv/datapath.sv:12]
INFO: [Synth 8-6157] synthesizing module 'pr_pc' [C:/Users/villalba/MPLABXProjects/ece212_alex_maurice/lab11/sv/pr_pc.sv:1]
INFO: [Synth 8-6155] done synthesizing module 'pr_pc' (1#1) [C:/Users/villalba/MPLABXProjects/ece212_alex_maurice/lab11/sv/pr_pc.sv:1]
INFO: [Synth 8-6157] synthesizing module 'adder' [C:/Users/villalba/MPLABXProjects/ece212_alex_maurice/lab11/sv/adder.sv:9]
INFO: [Synth 8-6155] done synthesizing module 'adder' (2#1) [C:/Users/villalba/MPLABXProjects/ece212_alex_maurice/lab11/sv/adder.sv:9]
INFO: [Synth 8-6157] synthesizing module 'mux2' [C:/Users/villalba/MPLABXProjects/ece212_alex_maurice/lab11/sv/mux2.sv:9]
	Parameter WIDTH bound to: 32 - type: integer 
INFO: [Synth 8-6155] done synthesizing module 'mux2' (3#1) [C:/Users/villalba/MPLABXProjects/ece212_alex_maurice/lab11/sv/mux2.sv:9]
INFO: [Synth 8-6157] synthesizing module 'pr_f_d' [C:/Users/villalba/MPLABXProjects/ece212_alex_maurice/lab11/sv/pr_f_d.sv:1]
INFO: [Synth 8-6155] done synthesizing module 'pr_f_d' (4#1) [C:/Users/villalba/MPLABXProjects/ece212_alex_maurice/lab11/sv/pr_f_d.sv:1]
INFO: [Synth 8-6157] synthesizing module 'regfile' [C:/Users/villalba/MPLABXProjects/ece212_alex_maurice/lab11/sv/regfile.sv:8]
INFO: [Synth 8-6155] done synthesizing module 'regfile' (5#1) [C:/Users/villalba/MPLABXProjects/ece212_alex_maurice/lab11/sv/regfile.sv:8]
INFO: [Synth 8-6157] synthesizing module 'signext' [C:/Users/villalba/MPLABXProjects/ece212_alex_maurice/lab11/sv/signext.sv:8]
INFO: [Synth 8-6155] done synthesizing module 'signext' (6#1) [C:/Users/villalba/MPLABXProjects/ece212_alex_maurice/lab11/sv/signext.sv:8]
INFO: [Synth 8-6157] synthesizing module 'sl2' [C:/Users/villalba/MPLABXProjects/ece212_alex_maurice/lab11/sv/sl2.sv:9]
INFO: [Synth 8-6155] done synthesizing module 'sl2' (7#1) [C:/Users/villalba/MPLABXProjects/ece212_alex_maurice/lab11/sv/sl2.sv:9]
INFO: [Synth 8-6157] synthesizing module 'pr_d_e' [C:/Users/villalba/MPLABXProjects/ece212_alex_maurice/lab11/sv/pr_d_e.sv:1]
INFO: [Synth 8-6155] done synthesizing module 'pr_d_e' (8#1) [C:/Users/villalba/MPLABXProjects/ece212_alex_maurice/lab11/sv/pr_d_e.sv:1]
INFO: [Synth 8-6157] synthesizing module 'alu' [C:/Users/villalba/MPLABXProjects/ece212_alex_maurice/lab11/sv/alu.sv:8]
INFO: [Synth 8-6155] done synthesizing module 'alu' (9#1) [C:/Users/villalba/MPLABXProjects/ece212_alex_maurice/lab11/sv/alu.sv:8]
INFO: [Synth 8-6157] synthesizing module 'mux2__parameterized0' [C:/Users/villalba/MPLABXProjects/ece212_alex_maurice/lab11/sv/mux2.sv:9]
	Parameter WIDTH bound to: 5 - type: integer 
INFO: [Synth 8-6155] done synthesizing module 'mux2__parameterized0' (9#1) [C:/Users/villalba/MPLABXProjects/ece212_alex_maurice/lab11/sv/mux2.sv:9]
INFO: [Synth 8-6157] synthesizing module 'pr_e_m' [C:/Users/villalba/MPLABXProjects/ece212_alex_maurice/lab11/sv/pr_e_m.sv:1]
INFO: [Synth 8-6155] done synthesizing module 'pr_e_m' (10#1) [C:/Users/villalba/MPLABXProjects/ece212_alex_maurice/lab11/sv/pr_e_m.sv:1]
INFO: [Synth 8-6157] synthesizing module 'pr_m_w' [C:/Users/villalba/MPLABXProjects/ece212_alex_maurice/lab11/sv/pr_m_w.sv:1]
INFO: [Synth 8-6155] done synthesizing module 'pr_m_w' (11#1) [C:/Users/villalba/MPLABXProjects/ece212_alex_maurice/lab11/sv/pr_m_w.sv:1]
INFO: [Synth 8-6155] done synthesizing module 'datapath' (12#1) [C:/Users/villalba/MPLABXProjects/ece212_alex_maurice/lab11/sv/datapath.sv:12]
---------------------------------------------------------------------------------
Finished RTL Elaboration : Time (s): cpu = 00:00:01 ; elapsed = 00:00:05 . Memory (MB): peak = 2190.152 ; gain = 0.000
---------------------------------------------------------------------------------
---------------------------------------------------------------------------------
Start Handling Custom Attributes
---------------------------------------------------------------------------------
---------------------------------------------------------------------------------
Finished Handling Custom Attributes : Time (s): cpu = 00:00:01 ; elapsed = 00:00:05 . Memory (MB): peak = 2190.152 ; gain = 0.000
---------------------------------------------------------------------------------
---------------------------------------------------------------------------------
Finished RTL Optimization Phase 1 : Time (s): cpu = 00:00:01 ; elapsed = 00:00:05 . Memory (MB): peak = 2190.152 ; gain = 0.000
---------------------------------------------------------------------------------
Netlist sorting complete. Time (s): cpu = 00:00:00 ; elapsed = 00:00:00.018 . Memory (MB): peak = 2193.195 ; gain = 0.000
INFO: [Project 1-570] Preparing netlist for logic optimization

Processing XDC Constraints
Initializing timing engine
Completed Processing XDC Constraints

refresh_design: Time (s): cpu = 00:00:02 ; elapsed = 00:00:08 . Memory (MB): peak = 2214.316 ; gain = 24.164
launch_simulation
Command: launch_simulation 
INFO: [Vivado 12-5682] Launching behavioral simulation in 'C:/Users/villalba/MPLABXProjects/ece212_alex_maurice/lab11/lab11.sim/sim_1/behav/xsim'
INFO: [SIM-utils-51] Simulation object is 'sim_1'
INFO: [SIM-utils-54] Inspecting design source files for 'testbench' in fileset 'sim_1'...
INFO: [SIM-utils-43] Exported 'C:/Users/villalba/MPLABXProjects/ece212_alex_maurice/lab11/lab11.sim/sim_1/behav/xsim/lab11memfile.dat'
INFO: [SIM-utils-43] Exported 'C:/Users/villalba/MPLABXProjects/ece212_alex_maurice/lab11/lab11.sim/sim_1/behav/xsim/lab11memfile.dat'
INFO: [USF-XSim-97] Finding global include files...
INFO: [USF-XSim-98] Fetching design files from 'sim_1'...
INFO: [USF-XSim-2] XSim::Compile design
INFO: [USF-XSim-61] Executing 'COMPILE and ANALYZE' step in 'C:/Users/villalba/MPLABXProjects/ece212_alex_maurice/lab11/lab11.sim/sim_1/behav/xsim'
"xvlog --incr --relax -L uvm -prj testbench_vlog.prj"
INFO: [VRFC 10-2263] Analyzing SystemVerilog file "C:/Users/villalba/MPLABXProjects/ece212_alex_maurice/lab11/sv/adder.sv" into library xil_defaultlib
INFO: [VRFC 10-311] analyzing module adder
INFO: [VRFC 10-2263] Analyzing SystemVerilog file "C:/Users/villalba/MPLABXProjects/ece212_alex_maurice/lab11/sv/alu.sv" into library xil_defaultlib
INFO: [VRFC 10-311] analyzing module alu
INFO: [VRFC 10-2263] Analyzing SystemVerilog file "C:/Users/villalba/MPLABXProjects/ece212_alex_maurice/lab11/sv/mips_decls_p.sv" into library xil_defaultlib
INFO: [VRFC 10-2263] Analyzing SystemVerilog file "C:/Users/villalba/MPLABXProjects/ece212_alex_maurice/lab11/sv/aludec.sv" into library xil_defaultlib
INFO: [VRFC 10-311] analyzing module aludec
INFO: [VRFC 10-2263] Analyzing SystemVerilog file "C:/Users/villalba/MPLABXProjects/ece212_alex_maurice/lab11/sv/controller.sv" into library xil_defaultlib
INFO: [VRFC 10-311] analyzing module controller
INFO: [VRFC 10-2263] Analyzing SystemVerilog file "C:/Users/villalba/MPLABXProjects/ece212_alex_maurice/lab11/sv/datapath.sv" into library xil_defaultlib
INFO: [VRFC 10-311] analyzing module datapath
INFO: [VRFC 10-2263] Analyzing SystemVerilog file "C:/Users/villalba/MPLABXProjects/ece212_alex_maurice/lab11/sv/dmem.sv" into library xil_defaultlib
INFO: [VRFC 10-311] analyzing module dmem
INFO: [VRFC 10-2263] Analyzing SystemVerilog file "C:/Users/villalba/MPLABXProjects/ece212_alex_maurice/lab11/sv/imem.sv" into library xil_defaultlib
INFO: [VRFC 10-311] analyzing module imem
INFO: [VRFC 10-2263] Analyzing SystemVerilog file "C:/Users/villalba/MPLABXProjects/ece212_alex_maurice/lab11/sv/maindec.sv" into library xil_defaultlib
INFO: [VRFC 10-311] analyzing module maindec
INFO: [VRFC 10-2263] Analyzing SystemVerilog file "C:/Users/villalba/MPLABXProjects/ece212_alex_maurice/lab11/sv/mips.sv" into library xil_defaultlib
INFO: [VRFC 10-311] analyzing module mips
INFO: [VRFC 10-2263] Analyzing SystemVerilog file "C:/Users/villalba/MPLABXProjects/ece212_alex_maurice/lab11/sv/mux2.sv" into library xil_defaultlib
INFO: [VRFC 10-311] analyzing module mux2
INFO: [VRFC 10-2263] Analyzing SystemVerilog file "C:/Users/villalba/MPLABXProjects/ece212_alex_maurice/lab11/sv/pr_d_e.sv" into library xil_defaultlib
INFO: [VRFC 10-311] analyzing module pr_d_e
INFO: [VRFC 10-2263] Analyzing SystemVerilog file "C:/Users/villalba/MPLABXProjects/ece212_alex_maurice/lab11/sv/pr_e_m.sv" into library xil_defaultlib
INFO: [VRFC 10-311] analyzing module pr_e_m
INFO: [VRFC 10-2263] Analyzing SystemVerilog file "C:/Users/villalba/MPLABXProjects/ece212_alex_maurice/lab11/sv/pr_f_d.sv" into library xil_defaultlib
INFO: [VRFC 10-311] analyzing module pr_f_d
INFO: [VRFC 10-2263] Analyzing SystemVerilog file "C:/Users/villalba/MPLABXProjects/ece212_alex_maurice/lab11/sv/pr_m_w.sv" into library xil_defaultlib
INFO: [VRFC 10-311] analyzing module pr_m_w
INFO: [VRFC 10-2263] Analyzing SystemVerilog file "C:/Users/villalba/MPLABXProjects/ece212_alex_maurice/lab11/sv/pr_pc.sv" into library xil_defaultlib
INFO: [VRFC 10-311] analyzing module pr_pc
INFO: [VRFC 10-2263] Analyzing SystemVerilog file "C:/Users/villalba/MPLABXProjects/ece212_alex_maurice/lab11/sv/regfile.sv" into library xil_defaultlib
INFO: [VRFC 10-311] analyzing module regfile
INFO: [VRFC 10-2263] Analyzing SystemVerilog file "C:/Users/villalba/MPLABXProjects/ece212_alex_maurice/lab11/sv/signext.sv" into library xil_defaultlib
INFO: [VRFC 10-311] analyzing module signext
INFO: [VRFC 10-2263] Analyzing SystemVerilog file "C:/Users/villalba/MPLABXProjects/ece212_alex_maurice/lab11/sv/sl2.sv" into library xil_defaultlib
INFO: [VRFC 10-311] analyzing module sl2
INFO: [VRFC 10-2263] Analyzing SystemVerilog file "C:/Users/villalba/MPLABXProjects/ece212_alex_maurice/lab11/sv/top.sv" into library xil_defaultlib
INFO: [VRFC 10-311] analyzing module top
INFO: [VRFC 10-2263] Analyzing SystemVerilog file "C:/Users/villalba/MPLABXProjects/ece212_alex_maurice/lab11/sv/testbench.sv" into library xil_defaultlib
INFO: [VRFC 10-311] analyzing module testbench
INFO: [USF-XSim-69] 'compile' step finished in '4' seconds
INFO: [USF-XSim-3] XSim::Elaborate design
INFO: [USF-XSim-61] Executing 'ELABORATE' step in 'C:/Users/villalba/MPLABXProjects/ece212_alex_maurice/lab11/lab11.sim/sim_1/behav/xsim'
"xelab -wto ab85ff4eb869465aaba1265fa5a437ed --incr --debug typical --relax --mt 2 -L xil_defaultlib -L uvm -L unisims_ver -L unimacro_ver -L secureip --snapshot testbench_behav xil_defaultlib.testbench xil_defaultlib.glbl -log elaborate.log"
Vivado Simulator 2020.2
Copyright 1986-1999, 2001-2020 Xilinx, Inc. All Rights Reserved.
Running: C:/Xilinx/Vivado/2020.2/bin/unwrapped/win64.o/xelab.exe -wto ab85ff4eb869465aaba1265fa5a437ed --incr --debug typical --relax --mt 2 -L xil_defaultlib -L uvm -L unisims_ver -L unimacro_ver -L secureip --snapshot testbench_behav xil_defaultlib.testbench xil_defaultlib.glbl -log elaborate.log 
Using 2 slave threads.
Starting static elaboration
Pass Through NonSizing Optimizer
Completed static elaboration
Starting simulation data flow analysis
WARNING: [XSIM 43-4100] "C:/Users/villalba/MPLABXProjects/ece212_alex_maurice/lab11/lab11.sim/sim_1/behav/xsim/glbl.v" Line 6. Module glbl has a timescale but at least one module in design doesn't have timescale.
WARNING: [XSIM 43-4100] "C:/Users/villalba/MPLABXProjects/ece212_alex_maurice/lab11/lab11.sim/sim_1/behav/xsim/glbl.v" Line 6. Module glbl has a timescale but at least one module in design doesn't have timescale.
Completed simulation data flow analysis
Time Resolution for simulation is 1ps
Compiling package xil_defaultlib.mips_decls_p
Compiling module xil_defaultlib.maindec
Compiling module xil_defaultlib.aludec
Compiling module xil_defaultlib.controller
Compiling module xil_defaultlib.pr_pc
Compiling module xil_defaultlib.adder
Compiling module xil_defaultlib.mux2(WIDTH=32)
Compiling module xil_defaultlib.pr_f_d
Compiling module xil_defaultlib.regfile
Compiling module xil_defaultlib.signext
Compiling module xil_defaultlib.sl2
Compiling module xil_defaultlib.pr_d_e
Compiling module xil_defaultlib.alu
Compiling module xil_defaultlib.mux2(WIDTH=5)
Compiling module xil_defaultlib.pr_e_m
Compiling module xil_defaultlib.pr_m_w
Compiling module xil_defaultlib.datapath
Compiling module xil_defaultlib.mips
Compiling module xil_defaultlib.imem
Compiling module xil_defaultlib.dmem
Compiling module xil_defaultlib.top
Compiling module xil_defaultlib.testbench
Compiling module xil_defaultlib.glbl
Built simulation snapshot testbench_behav

****** Webtalk v2020.2 (64-bit)
  **** SW Build 3064766 on Wed Nov 18 09:12:45 MST 2020
  **** IP Build 3064653 on Wed Nov 18 14:17:31 MST 2020
    ** Copyright 1986-2020 Xilinx, Inc. All Rights Reserved.

source C:/Users/villalba/MPLABXProjects/ece212_alex_maurice/lab11/lab11.sim/sim_1/behav/xsim/xsim.dir/testbench_behav/webtalk/xsim_webtalk.tcl -notrace
INFO: [Common 17-206] Exiting Webtalk at Sat Dec  2 20:17:29 2023...
INFO: [USF-XSim-69] 'elaborate' step finished in '4' seconds
INFO: [USF-XSim-4] XSim::Simulate design
INFO: [USF-XSim-61] Executing 'SIMULATE' step in 'C:/Users/villalba/MPLABXProjects/ece212_alex_maurice/lab11/lab11.sim/sim_1/behav/xsim'
INFO: [USF-XSim-98] *** Running xsim
   with args "testbench_behav -key {Behavioral:sim_1:Functional:testbench} -tclbatch {testbench.tcl} -view {C:/Users/villalba/MPLABXProjects/ece212_alex_maurice/lab11/testbench_behav.wcfg} -log {simulate.log}"
INFO: [USF-XSim-8] Loading simulator feature
Vivado Simulator 2020.2
Time resolution is 1 ps
open_wave_config C:/Users/villalba/MPLABXProjects/ece212_alex_maurice/lab11/testbench_behav.wcfg
source testbench.tcl
# set curr_wave [current_wave_config]
# if { [string length $curr_wave] == 0 } {
#   if { [llength [get_objects]] > 0} {
#     add_wave /
#     set_property needs_save false [current_wave_config]
#   } else {
#      send_msg_id Add_Wave-1 WARNING "No top level signals found. Simulator will start without a wave window. If you want to open a wave window go to 'File->New Waveform Configuration' or type 'create_wave_config' in the TCL console."
#   }
# }
# run 1000ns
Simulation succeeded
$stop called at time : 420 ns : File "C:/Users/villalba/MPLABXProjects/ece212_alex_maurice/lab11/sv/testbench.sv" Line 44
INFO: [USF-XSim-96] XSim completed. Design snapshot 'testbench_behav' loaded.
INFO: [USF-XSim-97] XSim simulation ran for 1000ns
launch_simulation: Time (s): cpu = 00:00:01 ; elapsed = 00:00:13 . Memory (MB): peak = 2278.520 ; gain = 37.500
close_sim
INFO: [Simtcl 6-16] Simulation closed
exit
INFO: [Common 17-206] Exiting Vivado at Sun Dec  3 00:25:05 2023...
