#-----------------------------------------------------------
# Vivado v2020.2 (64-bit)
# SW Build 3064766 on Wed Nov 18 09:12:45 MST 2020
# IP Build 3064653 on Wed Nov 18 14:17:31 MST 2020
# Start of session at: Thu Nov  9 13:34:07 2023
# Process ID: 4928
# Current directory: C:/Users/otienom/Documents/ece212_alex_maurice/lab8/processor_designs/Mips_32_bit_sing_cycle_processor
# Command line: vivado.exe -gui_launcher_event rodinguilauncherevent20628 C:\Users\otienom\Documents\ece212_alex_maurice\lab8\processor_designs\Mips_32_bit_sing_cycle_processor\Mips_32_bit_sing_cycle_processor.xpr
# Log file: C:/Users/otienom/Documents/ece212_alex_maurice/lab8/processor_designs/Mips_32_bit_sing_cycle_processor/vivado.log
# Journal file: C:/Users/otienom/Documents/ece212_alex_maurice/lab8/processor_designs/Mips_32_bit_sing_cycle_processor\vivado.jou
#-----------------------------------------------------------
start_gui
open_project C:/Users/otienom/Documents/ece212_alex_maurice/lab8/processor_designs/Mips_32_bit_sing_cycle_processor/Mips_32_bit_sing_cycle_processor.xpr
INFO: [ProjectBase 1-489] The host OS only allows 260 characters in a normal path. The project is stored in a path with more than 80 characters. If you experience issues with IP, Block Designs, or files not being found, please consider moving the project to a location with a shorter path. Alternately consider using the OS subst command to map part of the path to a drive letter.
Current project path is 'C:/Users/otienom/Documents/ece212_alex_maurice/lab8/processor_designs/Mips_32_bit_sing_cycle_processor'
INFO: [Project 1-313] Project file moved from 'C:/Users/otienom/Documents/ece212_alex_maurice/lab8/Mips_32_bit_sing_cycle_processor' since last save.
WARNING: [filemgmt 56-2] Default IP Output Path : Could not find the directory 'C:/Users/otienom/Documents/ece212_alex_maurice/lab8/processor_designs/Mips_32_bit_sing_cycle_processor/Mips_32_bit_sing_cycle_processor.gen/sources_1', nor could it be found using path 'C:/Users/otienom/Documents/ece212_alex_maurice/lab8/Mips_32_bit_sing_cycle_processor/Mips_32_bit_sing_cycle_processor.gen/sources_1'.
WARNING: [Project 1-312] File not found as 'C:/Users/otienom/Documents/ece212_alex_maurice/lab8/processor_designs/mips_L_single/sv/adder.sv'; using path 'C:/Users/otienom/Documents/ece212_alex_maurice/lab8/mips_L_single/sv/adder.sv' instead.
WARNING: [Project 1-312] File not found as 'C:/Users/otienom/Documents/ece212_alex_maurice/lab8/processor_designs/mips_L_single/sv/alu.sv'; using path 'C:/Users/otienom/Documents/ece212_alex_maurice/lab8/mips_L_single/sv/alu.sv' instead.
WARNING: [Project 1-312] File not found as 'C:/Users/otienom/Documents/ece212_alex_maurice/lab8/processor_designs/mips_L_single/sv/mips_decls_p.sv'; using path 'C:/Users/otienom/Documents/ece212_alex_maurice/lab8/mips_L_single/sv/mips_decls_p.sv' instead.
WARNING: [Project 1-312] File not found as 'C:/Users/otienom/Documents/ece212_alex_maurice/lab8/processor_designs/mips_L_single/sv/aludec.sv'; using path 'C:/Users/otienom/Documents/ece212_alex_maurice/lab8/mips_L_single/sv/aludec.sv' instead.
WARNING: [Project 1-312] File not found as 'C:/Users/otienom/Documents/ece212_alex_maurice/lab8/processor_designs/mips_L_single/sv/controller.sv'; using path 'C:/Users/otienom/Documents/ece212_alex_maurice/lab8/mips_L_single/sv/controller.sv' instead.
WARNING: [Project 1-312] File not found as 'C:/Users/otienom/Documents/ece212_alex_maurice/lab8/processor_designs/mips_L_single/sv/datapath.sv'; using path 'C:/Users/otienom/Documents/ece212_alex_maurice/lab8/mips_L_single/sv/datapath.sv' instead.
WARNING: [Project 1-312] File not found as 'C:/Users/otienom/Documents/ece212_alex_maurice/lab8/processor_designs/mips_L_single/sv/dmem.sv'; using path 'C:/Users/otienom/Documents/ece212_alex_maurice/lab8/mips_L_single/sv/dmem.sv' instead.
WARNING: [Project 1-312] File not found as 'C:/Users/otienom/Documents/ece212_alex_maurice/lab8/processor_designs/mips_L_single/sv/flopr.sv'; using path 'C:/Users/otienom/Documents/ece212_alex_maurice/lab8/mips_L_single/sv/flopr.sv' instead.
WARNING: [Project 1-312] File not found as 'C:/Users/otienom/Documents/ece212_alex_maurice/lab8/processor_designs/mips_L_single/sv/imem.sv'; using path 'C:/Users/otienom/Documents/ece212_alex_maurice/lab8/mips_L_single/sv/imem.sv' instead.
WARNING: [Project 1-312] File not found as 'C:/Users/otienom/Documents/ece212_alex_maurice/lab8/processor_designs/mips_L_single/sv/maindec.sv'; using path 'C:/Users/otienom/Documents/ece212_alex_maurice/lab8/mips_L_single/sv/maindec.sv' instead.
WARNING: [Project 1-312] File not found as 'C:/Users/otienom/Documents/ece212_alex_maurice/lab8/processor_designs/mips_L_single/sv/mips.sv'; using path 'C:/Users/otienom/Documents/ece212_alex_maurice/lab8/mips_L_single/sv/mips.sv' instead.
WARNING: [Project 1-312] File not found as 'C:/Users/otienom/Documents/ece212_alex_maurice/lab8/processor_designs/mips_L_single/sv/mux2.sv'; using path 'C:/Users/otienom/Documents/ece212_alex_maurice/lab8/mips_L_single/sv/mux2.sv' instead.
WARNING: [Project 1-312] File not found as 'C:/Users/otienom/Documents/ece212_alex_maurice/lab8/processor_designs/mips_L_single/sv/regfile.sv'; using path 'C:/Users/otienom/Documents/ece212_alex_maurice/lab8/mips_L_single/sv/regfile.sv' instead.
WARNING: [Project 1-312] File not found as 'C:/Users/otienom/Documents/ece212_alex_maurice/lab8/processor_designs/mips_L_single/sv/signext.sv'; using path 'C:/Users/otienom/Documents/ece212_alex_maurice/lab8/mips_L_single/sv/signext.sv' instead.
WARNING: [Project 1-312] File not found as 'C:/Users/otienom/Documents/ece212_alex_maurice/lab8/processor_designs/mips_L_single/sv/sl2.sv'; using path 'C:/Users/otienom/Documents/ece212_alex_maurice/lab8/mips_L_single/sv/sl2.sv' instead.
WARNING: [Project 1-312] File not found as 'C:/Users/otienom/Documents/ece212_alex_maurice/lab8/processor_designs/mips_L_single/sv/top.sv'; using path 'C:/Users/otienom/Documents/ece212_alex_maurice/lab8/mips_L_single/sv/top.sv' instead.
WARNING: [Project 1-312] File not found as 'C:/Users/otienom/Documents/ece212_alex_maurice/lab8/processor_designs/mips_L_single/sv/flopenr.sv'; using path 'C:/Users/otienom/Documents/ece212_alex_maurice/lab8/mips_L_single/sv/flopenr.sv' instead.
WARNING: [Project 1-312] File not found as 'C:/Users/otienom/Documents/ece212_alex_maurice/lab8/processor_designs/mips_L_single/sv/memfile.dat'; using path 'C:/Users/otienom/Documents/ece212_alex_maurice/lab8/mips_L_single/sv/memfile.dat' instead.
WARNING: [Project 1-312] File not found as 'C:/Users/otienom/Documents/ece212_alex_maurice/lab8/processor_designs/mips_L_single/sv/testbench.sv'; using path 'C:/Users/otienom/Documents/ece212_alex_maurice/lab8/mips_L_single/sv/testbench.sv' instead.
Scanning sources...
Finished scanning sources
INFO: [IP_Flow 19-234] Refreshing IP repositories
INFO: [IP_Flow 19-1704] No user IP repositories specified
INFO: [IP_Flow 19-2313] Loaded Vivado IP repository 'C:/Xilinx/Vivado/2020.2/data/ip'.
update_compile_order -fileset sources_1
synth_design -rtl -rtl_skip_mlo -name rtl_1
Command: synth_design -rtl -rtl_skip_mlo -name rtl_1
Starting synth_design
Using part: xc7a100tcsg324-1
Top: top
INFO: [Device 21-403] Loading part xc7a100tcsg324-1
---------------------------------------------------------------------------------
Starting RTL Elaboration : Time (s): cpu = 00:00:02 ; elapsed = 00:00:02 . Memory (MB): peak = 1629.867 ; gain = 252.832
---------------------------------------------------------------------------------
INFO: [Synth 8-6157] synthesizing module 'top' [C:/Users/otienom/Documents/ece212_alex_maurice/lab8/mips_L_single/sv/top.sv:11]
INFO: [Synth 8-6157] synthesizing module 'mips' [C:/Users/otienom/Documents/ece212_alex_maurice/lab8/mips_L_single/sv/mips.sv:12]
INFO: [Synth 8-6157] synthesizing module 'controller' [C:/Users/otienom/Documents/ece212_alex_maurice/lab8/mips_L_single/sv/controller.sv:16]
INFO: [Synth 8-6157] synthesizing module 'maindec' [C:/Users/otienom/Documents/ece212_alex_maurice/lab8/mips_L_single/sv/maindec.sv:15]
INFO: [Synth 8-6155] done synthesizing module 'maindec' (1#1) [C:/Users/otienom/Documents/ece212_alex_maurice/lab8/mips_L_single/sv/maindec.sv:15]
INFO: [Synth 8-6157] synthesizing module 'aludec' [C:/Users/otienom/Documents/ece212_alex_maurice/lab8/mips_L_single/sv/aludec.sv:12]
INFO: [Synth 8-6155] done synthesizing module 'aludec' (2#1) [C:/Users/otienom/Documents/ece212_alex_maurice/lab8/mips_L_single/sv/aludec.sv:12]
WARNING: [Synth 8-6104] Input port 'funct' has an internal driver [C:/Users/otienom/Documents/ece212_alex_maurice/lab8/mips_L_single/sv/controller.sv:33]
INFO: [Synth 8-6155] done synthesizing module 'controller' (3#1) [C:/Users/otienom/Documents/ece212_alex_maurice/lab8/mips_L_single/sv/controller.sv:16]
INFO: [Synth 8-6157] synthesizing module 'datapath' [C:/Users/otienom/Documents/ece212_alex_maurice/lab8/mips_L_single/sv/datapath.sv:17]
INFO: [Synth 8-6157] synthesizing module 'flopr' [C:/Users/otienom/Documents/ece212_alex_maurice/lab8/mips_L_single/sv/flopr.sv:11]
	Parameter WIDTH bound to: 32 - type: integer 
INFO: [Synth 8-6155] done synthesizing module 'flopr' (4#1) [C:/Users/otienom/Documents/ece212_alex_maurice/lab8/mips_L_single/sv/flopr.sv:11]
INFO: [Synth 8-6157] synthesizing module 'adder' [C:/Users/otienom/Documents/ece212_alex_maurice/lab8/mips_L_single/sv/adder.sv:9]
INFO: [Synth 8-6155] done synthesizing module 'adder' (5#1) [C:/Users/otienom/Documents/ece212_alex_maurice/lab8/mips_L_single/sv/adder.sv:9]
INFO: [Synth 8-6157] synthesizing module 'sl2' [C:/Users/otienom/Documents/ece212_alex_maurice/lab8/mips_L_single/sv/sl2.sv:9]
INFO: [Synth 8-6155] done synthesizing module 'sl2' (6#1) [C:/Users/otienom/Documents/ece212_alex_maurice/lab8/mips_L_single/sv/sl2.sv:9]
INFO: [Synth 8-6157] synthesizing module 'mux2' [C:/Users/otienom/Documents/ece212_alex_maurice/lab8/mips_L_single/sv/mux2.sv:9]
	Parameter WIDTH bound to: 32 - type: integer 
INFO: [Synth 8-6155] done synthesizing module 'mux2' (7#1) [C:/Users/otienom/Documents/ece212_alex_maurice/lab8/mips_L_single/sv/mux2.sv:9]
INFO: [Synth 8-6157] synthesizing module 'mux2__parameterized0' [C:/Users/otienom/Documents/ece212_alex_maurice/lab8/mips_L_single/sv/mux2.sv:9]
	Parameter WIDTH bound to: 5 - type: integer 
INFO: [Synth 8-6155] done synthesizing module 'mux2__parameterized0' (7#1) [C:/Users/otienom/Documents/ece212_alex_maurice/lab8/mips_L_single/sv/mux2.sv:9]
INFO: [Synth 8-6157] synthesizing module 'regfile' [C:/Users/otienom/Documents/ece212_alex_maurice/lab8/mips_L_single/sv/regfile.sv:8]
INFO: [Synth 8-6155] done synthesizing module 'regfile' (8#1) [C:/Users/otienom/Documents/ece212_alex_maurice/lab8/mips_L_single/sv/regfile.sv:8]
INFO: [Synth 8-6157] synthesizing module 'signext' [C:/Users/otienom/Documents/ece212_alex_maurice/lab8/mips_L_single/sv/signext.sv:10]
INFO: [Synth 8-6155] done synthesizing module 'signext' (9#1) [C:/Users/otienom/Documents/ece212_alex_maurice/lab8/mips_L_single/sv/signext.sv:10]
INFO: [Synth 8-6157] synthesizing module 'alu' [C:/Users/otienom/Documents/ece212_alex_maurice/lab8/mips_L_single/sv/alu.sv:8]
INFO: [Synth 8-6155] done synthesizing module 'alu' (10#1) [C:/Users/otienom/Documents/ece212_alex_maurice/lab8/mips_L_single/sv/alu.sv:8]
INFO: [Synth 8-6155] done synthesizing module 'datapath' (11#1) [C:/Users/otienom/Documents/ece212_alex_maurice/lab8/mips_L_single/sv/datapath.sv:17]
INFO: [Synth 8-6155] done synthesizing module 'mips' (12#1) [C:/Users/otienom/Documents/ece212_alex_maurice/lab8/mips_L_single/sv/mips.sv:12]
INFO: [Synth 8-6157] synthesizing module 'imem' [C:/Users/otienom/Documents/ece212_alex_maurice/lab8/mips_L_single/sv/imem.sv:21]
	Parameter SIZE bound to: 32 - type: integer 
INFO: [Synth 8-3876] $readmem data file 'memfile.dat' is read successfully [C:/Users/otienom/Documents/ece212_alex_maurice/lab8/mips_L_single/sv/imem.sv:34]
INFO: [Synth 8-6155] done synthesizing module 'imem' (13#1) [C:/Users/otienom/Documents/ece212_alex_maurice/lab8/mips_L_single/sv/imem.sv:21]
INFO: [Synth 8-6157] synthesizing module 'dmem' [C:/Users/otienom/Documents/ece212_alex_maurice/lab8/mips_L_single/sv/dmem.sv:13]
	Parameter SIZE bound to: 32 - type: integer 
INFO: [Synth 8-6155] done synthesizing module 'dmem' (14#1) [C:/Users/otienom/Documents/ece212_alex_maurice/lab8/mips_L_single/sv/dmem.sv:13]
INFO: [Synth 8-6155] done synthesizing module 'top' (15#1) [C:/Users/otienom/Documents/ece212_alex_maurice/lab8/mips_L_single/sv/top.sv:11]
---------------------------------------------------------------------------------
Finished RTL Elaboration : Time (s): cpu = 00:00:03 ; elapsed = 00:00:03 . Memory (MB): peak = 1706.219 ; gain = 329.184
---------------------------------------------------------------------------------
---------------------------------------------------------------------------------
Start Handling Custom Attributes
---------------------------------------------------------------------------------
---------------------------------------------------------------------------------
Finished Handling Custom Attributes : Time (s): cpu = 00:00:03 ; elapsed = 00:00:04 . Memory (MB): peak = 1706.219 ; gain = 329.184
---------------------------------------------------------------------------------
---------------------------------------------------------------------------------
Finished RTL Optimization Phase 1 : Time (s): cpu = 00:00:03 ; elapsed = 00:00:04 . Memory (MB): peak = 1706.219 ; gain = 329.184
---------------------------------------------------------------------------------
Netlist sorting complete. Time (s): cpu = 00:00:00 ; elapsed = 00:00:00.013 . Memory (MB): peak = 1706.219 ; gain = 0.000
INFO: [Project 1-570] Preparing netlist for logic optimization

Processing XDC Constraints
Initializing timing engine
Completed Processing XDC Constraints

Netlist sorting complete. Time (s): cpu = 00:00:00 ; elapsed = 00:00:00 . Memory (MB): peak = 1779.180 ; gain = 0.000
INFO: [Project 1-111] Unisim Transformation Summary:
No Unisim elements were transformed.

RTL Elaboration Complete:  : Time (s): cpu = 00:00:05 ; elapsed = 00:00:06 . Memory (MB): peak = 1885.039 ; gain = 508.004
36 Infos, 1 Warnings, 0 Critical Warnings and 0 Errors encountered.
synth_design completed successfully
synth_design: Time (s): cpu = 00:00:07 ; elapsed = 00:00:11 . Memory (MB): peak = 1885.039 ; gain = 774.262
set_property top mips [current_fileset]
refresh_design
---------------------------------------------------------------------------------
Starting RTL Elaboration : Time (s): cpu = 00:00:01 ; elapsed = 00:00:02 . Memory (MB): peak = 1921.273 ; gain = 32.477
---------------------------------------------------------------------------------
INFO: [Synth 8-6157] synthesizing module 'mips' [C:/Users/otienom/Documents/ece212_alex_maurice/lab8/mips_L_single/sv/mips.sv:12]
INFO: [Synth 8-6157] synthesizing module 'controller' [C:/Users/otienom/Documents/ece212_alex_maurice/lab8/mips_L_single/sv/controller.sv:16]
INFO: [Synth 8-6157] synthesizing module 'maindec' [C:/Users/otienom/Documents/ece212_alex_maurice/lab8/mips_L_single/sv/maindec.sv:15]
INFO: [Synth 8-6155] done synthesizing module 'maindec' (1#1) [C:/Users/otienom/Documents/ece212_alex_maurice/lab8/mips_L_single/sv/maindec.sv:15]
INFO: [Synth 8-6157] synthesizing module 'aludec' [C:/Users/otienom/Documents/ece212_alex_maurice/lab8/mips_L_single/sv/aludec.sv:12]
INFO: [Synth 8-6155] done synthesizing module 'aludec' (2#1) [C:/Users/otienom/Documents/ece212_alex_maurice/lab8/mips_L_single/sv/aludec.sv:12]
WARNING: [Synth 8-6104] Input port 'funct' has an internal driver [C:/Users/otienom/Documents/ece212_alex_maurice/lab8/mips_L_single/sv/controller.sv:33]
INFO: [Synth 8-6155] done synthesizing module 'controller' (3#1) [C:/Users/otienom/Documents/ece212_alex_maurice/lab8/mips_L_single/sv/controller.sv:16]
INFO: [Synth 8-6157] synthesizing module 'datapath' [C:/Users/otienom/Documents/ece212_alex_maurice/lab8/mips_L_single/sv/datapath.sv:17]
INFO: [Synth 8-6157] synthesizing module 'flopr' [C:/Users/otienom/Documents/ece212_alex_maurice/lab8/mips_L_single/sv/flopr.sv:11]
	Parameter WIDTH bound to: 32 - type: integer 
INFO: [Synth 8-6155] done synthesizing module 'flopr' (4#1) [C:/Users/otienom/Documents/ece212_alex_maurice/lab8/mips_L_single/sv/flopr.sv:11]
INFO: [Synth 8-6157] synthesizing module 'adder' [C:/Users/otienom/Documents/ece212_alex_maurice/lab8/mips_L_single/sv/adder.sv:9]
INFO: [Synth 8-6155] done synthesizing module 'adder' (5#1) [C:/Users/otienom/Documents/ece212_alex_maurice/lab8/mips_L_single/sv/adder.sv:9]
INFO: [Synth 8-6157] synthesizing module 'sl2' [C:/Users/otienom/Documents/ece212_alex_maurice/lab8/mips_L_single/sv/sl2.sv:9]
INFO: [Synth 8-6155] done synthesizing module 'sl2' (6#1) [C:/Users/otienom/Documents/ece212_alex_maurice/lab8/mips_L_single/sv/sl2.sv:9]
INFO: [Synth 8-6157] synthesizing module 'mux2' [C:/Users/otienom/Documents/ece212_alex_maurice/lab8/mips_L_single/sv/mux2.sv:9]
	Parameter WIDTH bound to: 32 - type: integer 
INFO: [Synth 8-6155] done synthesizing module 'mux2' (7#1) [C:/Users/otienom/Documents/ece212_alex_maurice/lab8/mips_L_single/sv/mux2.sv:9]
INFO: [Synth 8-6157] synthesizing module 'mux2__parameterized0' [C:/Users/otienom/Documents/ece212_alex_maurice/lab8/mips_L_single/sv/mux2.sv:9]
	Parameter WIDTH bound to: 5 - type: integer 
INFO: [Synth 8-6155] done synthesizing module 'mux2__parameterized0' (7#1) [C:/Users/otienom/Documents/ece212_alex_maurice/lab8/mips_L_single/sv/mux2.sv:9]
INFO: [Synth 8-6157] synthesizing module 'regfile' [C:/Users/otienom/Documents/ece212_alex_maurice/lab8/mips_L_single/sv/regfile.sv:8]
INFO: [Synth 8-6155] done synthesizing module 'regfile' (8#1) [C:/Users/otienom/Documents/ece212_alex_maurice/lab8/mips_L_single/sv/regfile.sv:8]
INFO: [Synth 8-6157] synthesizing module 'signext' [C:/Users/otienom/Documents/ece212_alex_maurice/lab8/mips_L_single/sv/signext.sv:10]
INFO: [Synth 8-6155] done synthesizing module 'signext' (9#1) [C:/Users/otienom/Documents/ece212_alex_maurice/lab8/mips_L_single/sv/signext.sv:10]
INFO: [Synth 8-6157] synthesizing module 'alu' [C:/Users/otienom/Documents/ece212_alex_maurice/lab8/mips_L_single/sv/alu.sv:8]
INFO: [Synth 8-6155] done synthesizing module 'alu' (10#1) [C:/Users/otienom/Documents/ece212_alex_maurice/lab8/mips_L_single/sv/alu.sv:8]
INFO: [Synth 8-6155] done synthesizing module 'datapath' (11#1) [C:/Users/otienom/Documents/ece212_alex_maurice/lab8/mips_L_single/sv/datapath.sv:17]
INFO: [Synth 8-6155] done synthesizing module 'mips' (12#1) [C:/Users/otienom/Documents/ece212_alex_maurice/lab8/mips_L_single/sv/mips.sv:12]
---------------------------------------------------------------------------------
Finished RTL Elaboration : Time (s): cpu = 00:00:02 ; elapsed = 00:00:03 . Memory (MB): peak = 1960.695 ; gain = 71.898
---------------------------------------------------------------------------------
---------------------------------------------------------------------------------
Start Handling Custom Attributes
---------------------------------------------------------------------------------
---------------------------------------------------------------------------------
Finished Handling Custom Attributes : Time (s): cpu = 00:00:02 ; elapsed = 00:00:03 . Memory (MB): peak = 1984.508 ; gain = 95.711
---------------------------------------------------------------------------------
---------------------------------------------------------------------------------
Finished RTL Optimization Phase 1 : Time (s): cpu = 00:00:02 ; elapsed = 00:00:03 . Memory (MB): peak = 1984.508 ; gain = 95.711
---------------------------------------------------------------------------------
Netlist sorting complete. Time (s): cpu = 00:00:00 ; elapsed = 00:00:00.012 . Memory (MB): peak = 1998.863 ; gain = 0.000
INFO: [Project 1-570] Preparing netlist for logic optimization

Processing XDC Constraints
Initializing timing engine
Completed Processing XDC Constraints

refresh_design: Time (s): cpu = 00:00:05 ; elapsed = 00:00:07 . Memory (MB): peak = 1998.863 ; gain = 110.066
update_compile_order -fileset sources_1
launch_simulation
Command: launch_simulation 
INFO: [Vivado 12-5682] Launching behavioral simulation in 'C:/Users/otienom/Documents/ece212_alex_maurice/lab8/processor_designs/Mips_32_bit_sing_cycle_processor/Mips_32_bit_sing_cycle_processor.sim/sim_1/behav/xsim'
INFO: [SIM-utils-51] Simulation object is 'sim_1'
INFO: [SIM-utils-54] Inspecting design source files for 'testbench' in fileset 'sim_1'...
INFO: [SIM-utils-43] Exported 'C:/Users/otienom/Documents/ece212_alex_maurice/lab8/processor_designs/Mips_32_bit_sing_cycle_processor/Mips_32_bit_sing_cycle_processor.sim/sim_1/behav/xsim/memfile.dat'
INFO: [SIM-utils-43] Exported 'C:/Users/otienom/Documents/ece212_alex_maurice/lab8/processor_designs/Mips_32_bit_sing_cycle_processor/Mips_32_bit_sing_cycle_processor.sim/sim_1/behav/xsim/test2.data'
INFO: [USF-XSim-97] Finding global include files...
INFO: [USF-XSim-98] Fetching design files from 'sim_1'...
INFO: [USF-XSim-2] XSim::Compile design
INFO: [USF-XSim-61] Executing 'COMPILE and ANALYZE' step in 'C:/Users/otienom/Documents/ece212_alex_maurice/lab8/processor_designs/Mips_32_bit_sing_cycle_processor/Mips_32_bit_sing_cycle_processor.sim/sim_1/behav/xsim'
"xvlog --incr --relax -L uvm -prj testbench_vlog.prj"
INFO: [VRFC 10-2263] Analyzing SystemVerilog file "C:/Users/otienom/Documents/ece212_alex_maurice/lab8/mips_L_single/sv/adder.sv" into library xil_defaultlib
INFO: [VRFC 10-311] analyzing module adder
INFO: [VRFC 10-2263] Analyzing SystemVerilog file "C:/Users/otienom/Documents/ece212_alex_maurice/lab8/mips_L_single/sv/alu.sv" into library xil_defaultlib
INFO: [VRFC 10-311] analyzing module alu
INFO: [VRFC 10-2263] Analyzing SystemVerilog file "C:/Users/otienom/Documents/ece212_alex_maurice/lab8/mips_L_single/sv/mips_decls_p.sv" into library xil_defaultlib
INFO: [VRFC 10-2263] Analyzing SystemVerilog file "C:/Users/otienom/Documents/ece212_alex_maurice/lab8/mips_L_single/sv/aludec.sv" into library xil_defaultlib
INFO: [VRFC 10-311] analyzing module aludec
INFO: [VRFC 10-2263] Analyzing SystemVerilog file "C:/Users/otienom/Documents/ece212_alex_maurice/lab8/mips_L_single/sv/controller.sv" into library xil_defaultlib
INFO: [VRFC 10-311] analyzing module controller
INFO: [VRFC 10-2263] Analyzing SystemVerilog file "C:/Users/otienom/Documents/ece212_alex_maurice/lab8/mips_L_single/sv/datapath.sv" into library xil_defaultlib
INFO: [VRFC 10-311] analyzing module datapath
INFO: [VRFC 10-2263] Analyzing SystemVerilog file "C:/Users/otienom/Documents/ece212_alex_maurice/lab8/mips_L_single/sv/dmem.sv" into library xil_defaultlib
INFO: [VRFC 10-311] analyzing module dmem
INFO: [VRFC 10-2263] Analyzing SystemVerilog file "C:/Users/otienom/Documents/ece212_alex_maurice/lab8/mips_L_single/sv/flopr.sv" into library xil_defaultlib
INFO: [VRFC 10-311] analyzing module flopr
INFO: [VRFC 10-2263] Analyzing SystemVerilog file "C:/Users/otienom/Documents/ece212_alex_maurice/lab8/mips_L_single/sv/imem.sv" into library xil_defaultlib
INFO: [VRFC 10-311] analyzing module imem
INFO: [VRFC 10-2263] Analyzing SystemVerilog file "C:/Users/otienom/Documents/ece212_alex_maurice/lab8/mips_L_single/sv/maindec.sv" into library xil_defaultlib
INFO: [VRFC 10-311] analyzing module maindec
INFO: [VRFC 10-2263] Analyzing SystemVerilog file "C:/Users/otienom/Documents/ece212_alex_maurice/lab8/mips_L_single/sv/mips.sv" into library xil_defaultlib
INFO: [VRFC 10-311] analyzing module mips
INFO: [VRFC 10-2263] Analyzing SystemVerilog file "C:/Users/otienom/Documents/ece212_alex_maurice/lab8/mips_L_single/sv/mux2.sv" into library xil_defaultlib
INFO: [VRFC 10-311] analyzing module mux2
INFO: [VRFC 10-2263] Analyzing SystemVerilog file "C:/Users/otienom/Documents/ece212_alex_maurice/lab8/mips_L_single/sv/regfile.sv" into library xil_defaultlib
INFO: [VRFC 10-311] analyzing module regfile
INFO: [VRFC 10-2263] Analyzing SystemVerilog file "C:/Users/otienom/Documents/ece212_alex_maurice/lab8/mips_L_single/sv/signext.sv" into library xil_defaultlib
INFO: [VRFC 10-311] analyzing module signext
INFO: [VRFC 10-2263] Analyzing SystemVerilog file "C:/Users/otienom/Documents/ece212_alex_maurice/lab8/mips_L_single/sv/sl2.sv" into library xil_defaultlib
INFO: [VRFC 10-311] analyzing module sl2
INFO: [VRFC 10-2263] Analyzing SystemVerilog file "C:/Users/otienom/Documents/ece212_alex_maurice/lab8/mips_L_single/sv/top.sv" into library xil_defaultlib
INFO: [VRFC 10-311] analyzing module top
INFO: [VRFC 10-2263] Analyzing SystemVerilog file "C:/Users/otienom/Documents/ece212_alex_maurice/lab8/mips_L_single/sv/testbench.sv" into library xil_defaultlib
INFO: [VRFC 10-311] analyzing module testbench
INFO: [VRFC 10-2263] Analyzing Verilog file "C:/Users/otienom/Documents/ece212_alex_maurice/lab8/processor_designs/Mips_32_bit_sing_cycle_processor/Mips_32_bit_sing_cycle_processor.sim/sim_1/behav/xsim/glbl.v" into library xil_defaultlib
INFO: [VRFC 10-311] analyzing module glbl
INFO: [USF-XSim-69] 'compile' step finished in '2' seconds
INFO: [USF-XSim-3] XSim::Elaborate design
INFO: [USF-XSim-61] Executing 'ELABORATE' step in 'C:/Users/otienom/Documents/ece212_alex_maurice/lab8/processor_designs/Mips_32_bit_sing_cycle_processor/Mips_32_bit_sing_cycle_processor.sim/sim_1/behav/xsim'
"xelab -wto c9fd3c1094204949b8b84ac1337b026c --incr --debug typical --relax --mt 2 -L xil_defaultlib -L uvm -L unisims_ver -L unimacro_ver -L secureip --snapshot testbench_behav xil_defaultlib.testbench xil_defaultlib.glbl -log elaborate.log"
Vivado Simulator 2020.2
Copyright 1986-1999, 2001-2020 Xilinx, Inc. All Rights Reserved.
Running: C:/Xilinx/Vivado/2020.2/bin/unwrapped/win64.o/xelab.exe -wto c9fd3c1094204949b8b84ac1337b026c --incr --debug typical --relax --mt 2 -L xil_defaultlib -L uvm -L unisims_ver -L unimacro_ver -L secureip --snapshot testbench_behav xil_defaultlib.testbench xil_defaultlib.glbl -log elaborate.log 
Using 2 slave threads.
Starting static elaboration
Pass Through NonSizing Optimizer
Completed static elaboration
Starting simulation data flow analysis
WARNING: [XSIM 43-4100] "C:/Users/otienom/Documents/ece212_alex_maurice/lab8/processor_designs/Mips_32_bit_sing_cycle_processor/Mips_32_bit_sing_cycle_processor.sim/sim_1/behav/xsim/glbl.v" Line 6. Module glbl has a timescale but at least one module in design doesn't have timescale.
WARNING: [XSIM 43-4100] "C:/Users/otienom/Documents/ece212_alex_maurice/lab8/processor_designs/Mips_32_bit_sing_cycle_processor/Mips_32_bit_sing_cycle_processor.sim/sim_1/behav/xsim/glbl.v" Line 6. Module glbl has a timescale but at least one module in design doesn't have timescale.
Completed simulation data flow analysis
Time Resolution for simulation is 1ps
Compiling package xil_defaultlib.mips_decls_p
Compiling module xil_defaultlib.maindec
Compiling module xil_defaultlib.aludec
Compiling module xil_defaultlib.controller
Compiling module xil_defaultlib.flopr(WIDTH=32)
Compiling module xil_defaultlib.adder
Compiling module xil_defaultlib.sl2
Compiling module xil_defaultlib.mux2(WIDTH=32)
Compiling module xil_defaultlib.mux2(WIDTH=5)
Compiling module xil_defaultlib.regfile
Compiling module xil_defaultlib.signext
Compiling module xil_defaultlib.alu
Compiling module xil_defaultlib.datapath
Compiling module xil_defaultlib.mips
Compiling module xil_defaultlib.imem
Compiling module xil_defaultlib.dmem
Compiling module xil_defaultlib.top
Compiling module xil_defaultlib.testbench
Compiling module xil_defaultlib.glbl
Built simulation snapshot testbench_behav

****** Webtalk v2020.2 (64-bit)
  **** SW Build 3064766 on Wed Nov 18 09:12:45 MST 2020
  **** IP Build 3064653 on Wed Nov 18 14:17:31 MST 2020
    ** Copyright 1986-2020 Xilinx, Inc. All Rights Reserved.

source C:/Users/otienom/Documents/ece212_alex_maurice/lab8/processor_designs/Mips_32_bit_sing_cycle_processor/Mips_32_bit_sing_cycle_processor.sim/sim_1/behav/xsim/xsim.dir/testbench_behav/webtalk/xsim_webtalk.tcl -notrace
INFO: [Common 17-206] Exiting Webtalk at Thu Nov  9 14:30:31 2023...
INFO: [USF-XSim-69] 'elaborate' step finished in '4' seconds
INFO: [USF-XSim-4] XSim::Simulate design
INFO: [USF-XSim-61] Executing 'SIMULATE' step in 'C:/Users/otienom/Documents/ece212_alex_maurice/lab8/processor_designs/Mips_32_bit_sing_cycle_processor/Mips_32_bit_sing_cycle_processor.sim/sim_1/behav/xsim'
INFO: [USF-XSim-98] *** Running xsim
   with args "testbench_behav -key {Behavioral:sim_1:Functional:testbench} -tclbatch {testbench.tcl} -log {simulate.log}"
INFO: [USF-XSim-8] Loading simulator feature
Vivado Simulator 2020.2
Time resolution is 1 ps
source testbench.tcl
# set curr_wave [current_wave_config]
# if { [string length $curr_wave] == 0 } {
#   if { [llength [get_objects]] > 0} {
#     add_wave /
#     set_property needs_save false [current_wave_config]
#   } else {
#      send_msg_id Add_Wave-1 WARNING "No top level signals found. Simulator will start without a wave window. If you want to open a wave window go to 'File->New Waveform Configuration' or type 'create_wave_config' in the TCL console."
#   }
# }
# run 1000ns
Simulation succeeded
$stop called at time : 170 ns : File "C:/Users/otienom/Documents/ece212_alex_maurice/lab8/mips_L_single/sv/testbench.sv" Line 44
INFO: [USF-XSim-96] XSim completed. Design snapshot 'testbench_behav' loaded.
INFO: [USF-XSim-97] XSim simulation ran for 1000ns
launch_simulation: Time (s): cpu = 00:00:02 ; elapsed = 00:00:09 . Memory (MB): peak = 2031.828 ; gain = 28.660
close_sim
INFO: [Simtcl 6-16] Simulation closed
launch_simulation
Command: launch_simulation 
INFO: [Vivado 12-5682] Launching behavioral simulation in 'C:/Users/otienom/Documents/ece212_alex_maurice/lab8/processor_designs/Mips_32_bit_sing_cycle_processor/Mips_32_bit_sing_cycle_processor.sim/sim_1/behav/xsim'
INFO: [SIM-utils-51] Simulation object is 'sim_1'
INFO: [SIM-utils-54] Inspecting design source files for 'testbench' in fileset 'sim_1'...
INFO: [SIM-utils-43] Exported 'C:/Users/otienom/Documents/ece212_alex_maurice/lab8/processor_designs/Mips_32_bit_sing_cycle_processor/Mips_32_bit_sing_cycle_processor.sim/sim_1/behav/xsim/memfile.dat'
INFO: [SIM-utils-43] Exported 'C:/Users/otienom/Documents/ece212_alex_maurice/lab8/processor_designs/Mips_32_bit_sing_cycle_processor/Mips_32_bit_sing_cycle_processor.sim/sim_1/behav/xsim/test2.data'
INFO: [USF-XSim-97] Finding global include files...
INFO: [USF-XSim-98] Fetching design files from 'sim_1'...
INFO: [USF-XSim-2] XSim::Compile design
INFO: [USF-XSim-61] Executing 'COMPILE and ANALYZE' step in 'C:/Users/otienom/Documents/ece212_alex_maurice/lab8/processor_designs/Mips_32_bit_sing_cycle_processor/Mips_32_bit_sing_cycle_processor.sim/sim_1/behav/xsim'
"xvlog --incr --relax -L uvm -prj testbench_vlog.prj"
INFO: [VRFC 10-2263] Analyzing SystemVerilog file "C:/Users/otienom/Documents/ece212_alex_maurice/lab8/mips_L_single/sv/adder.sv" into library xil_defaultlib
INFO: [VRFC 10-311] analyzing module adder
INFO: [VRFC 10-2263] Analyzing SystemVerilog file "C:/Users/otienom/Documents/ece212_alex_maurice/lab8/mips_L_single/sv/alu.sv" into library xil_defaultlib
INFO: [VRFC 10-311] analyzing module alu
INFO: [VRFC 10-2263] Analyzing SystemVerilog file "C:/Users/otienom/Documents/ece212_alex_maurice/lab8/mips_L_single/sv/mips_decls_p.sv" into library xil_defaultlib
INFO: [VRFC 10-2263] Analyzing SystemVerilog file "C:/Users/otienom/Documents/ece212_alex_maurice/lab8/mips_L_single/sv/aludec.sv" into library xil_defaultlib
INFO: [VRFC 10-311] analyzing module aludec
INFO: [VRFC 10-2263] Analyzing SystemVerilog file "C:/Users/otienom/Documents/ece212_alex_maurice/lab8/mips_L_single/sv/controller.sv" into library xil_defaultlib
INFO: [VRFC 10-311] analyzing module controller
INFO: [VRFC 10-2263] Analyzing SystemVerilog file "C:/Users/otienom/Documents/ece212_alex_maurice/lab8/mips_L_single/sv/datapath.sv" into library xil_defaultlib
INFO: [VRFC 10-311] analyzing module datapath
INFO: [VRFC 10-2263] Analyzing SystemVerilog file "C:/Users/otienom/Documents/ece212_alex_maurice/lab8/mips_L_single/sv/dmem.sv" into library xil_defaultlib
INFO: [VRFC 10-311] analyzing module dmem
INFO: [VRFC 10-2263] Analyzing SystemVerilog file "C:/Users/otienom/Documents/ece212_alex_maurice/lab8/mips_L_single/sv/flopr.sv" into library xil_defaultlib
INFO: [VRFC 10-311] analyzing module flopr
INFO: [VRFC 10-2263] Analyzing SystemVerilog file "C:/Users/otienom/Documents/ece212_alex_maurice/lab8/mips_L_single/sv/imem.sv" into library xil_defaultlib
INFO: [VRFC 10-311] analyzing module imem
INFO: [VRFC 10-2263] Analyzing SystemVerilog file "C:/Users/otienom/Documents/ece212_alex_maurice/lab8/mips_L_single/sv/maindec.sv" into library xil_defaultlib
INFO: [VRFC 10-311] analyzing module maindec
INFO: [VRFC 10-2263] Analyzing SystemVerilog file "C:/Users/otienom/Documents/ece212_alex_maurice/lab8/mips_L_single/sv/mips.sv" into library xil_defaultlib
INFO: [VRFC 10-311] analyzing module mips
INFO: [VRFC 10-2263] Analyzing SystemVerilog file "C:/Users/otienom/Documents/ece212_alex_maurice/lab8/mips_L_single/sv/mux2.sv" into library xil_defaultlib
INFO: [VRFC 10-311] analyzing module mux2
INFO: [VRFC 10-2263] Analyzing SystemVerilog file "C:/Users/otienom/Documents/ece212_alex_maurice/lab8/mips_L_single/sv/regfile.sv" into library xil_defaultlib
INFO: [VRFC 10-311] analyzing module regfile
INFO: [VRFC 10-2263] Analyzing SystemVerilog file "C:/Users/otienom/Documents/ece212_alex_maurice/lab8/mips_L_single/sv/signext.sv" into library xil_defaultlib
INFO: [VRFC 10-311] analyzing module signext
INFO: [VRFC 10-2263] Analyzing SystemVerilog file "C:/Users/otienom/Documents/ece212_alex_maurice/lab8/mips_L_single/sv/sl2.sv" into library xil_defaultlib
INFO: [VRFC 10-311] analyzing module sl2
INFO: [VRFC 10-2263] Analyzing SystemVerilog file "C:/Users/otienom/Documents/ece212_alex_maurice/lab8/mips_L_single/sv/top.sv" into library xil_defaultlib
INFO: [VRFC 10-311] analyzing module top
INFO: [VRFC 10-2263] Analyzing SystemVerilog file "C:/Users/otienom/Documents/ece212_alex_maurice/lab8/mips_L_single/sv/testbench.sv" into library xil_defaultlib
INFO: [VRFC 10-311] analyzing module testbench
INFO: [USF-XSim-69] 'compile' step finished in '1' seconds
INFO: [USF-XSim-3] XSim::Elaborate design
INFO: [USF-XSim-61] Executing 'ELABORATE' step in 'C:/Users/otienom/Documents/ece212_alex_maurice/lab8/processor_designs/Mips_32_bit_sing_cycle_processor/Mips_32_bit_sing_cycle_processor.sim/sim_1/behav/xsim'
"xelab -wto c9fd3c1094204949b8b84ac1337b026c --incr --debug typical --relax --mt 2 -L xil_defaultlib -L uvm -L unisims_ver -L unimacro_ver -L secureip --snapshot testbench_behav xil_defaultlib.testbench xil_defaultlib.glbl -log elaborate.log"
Vivado Simulator 2020.2
Copyright 1986-1999, 2001-2020 Xilinx, Inc. All Rights Reserved.
Running: C:/Xilinx/Vivado/2020.2/bin/unwrapped/win64.o/xelab.exe -wto c9fd3c1094204949b8b84ac1337b026c --incr --debug typical --relax --mt 2 -L xil_defaultlib -L uvm -L unisims_ver -L unimacro_ver -L secureip --snapshot testbench_behav xil_defaultlib.testbench xil_defaultlib.glbl -log elaborate.log 
Using 2 slave threads.
Starting static elaboration
Pass Through NonSizing Optimizer
Completed static elaboration
Starting simulation data flow analysis
WARNING: [XSIM 43-4100] "C:/Users/otienom/Documents/ece212_alex_maurice/lab8/processor_designs/Mips_32_bit_sing_cycle_processor/Mips_32_bit_sing_cycle_processor.sim/sim_1/behav/xsim/glbl.v" Line 6. Module glbl has a timescale but at least one module in design doesn't have timescale.
WARNING: [XSIM 43-4100] "C:/Users/otienom/Documents/ece212_alex_maurice/lab8/processor_designs/Mips_32_bit_sing_cycle_processor/Mips_32_bit_sing_cycle_processor.sim/sim_1/behav/xsim/glbl.v" Line 6. Module glbl has a timescale but at least one module in design doesn't have timescale.
Completed simulation data flow analysis
Time Resolution for simulation is 1ps
Compiling package xil_defaultlib.mips_decls_p
Compiling module xil_defaultlib.maindec
Compiling module xil_defaultlib.aludec
Compiling module xil_defaultlib.controller
Compiling module xil_defaultlib.flopr(WIDTH=32)
Compiling module xil_defaultlib.adder
Compiling module xil_defaultlib.sl2
Compiling module xil_defaultlib.mux2(WIDTH=32)
Compiling module xil_defaultlib.mux2(WIDTH=5)
Compiling module xil_defaultlib.regfile
Compiling module xil_defaultlib.signext
Compiling module xil_defaultlib.alu
Compiling module xil_defaultlib.datapath
Compiling module xil_defaultlib.mips
Compiling module xil_defaultlib.imem
Compiling module xil_defaultlib.dmem
Compiling module xil_defaultlib.top
Compiling module xil_defaultlib.testbench
Compiling module xil_defaultlib.glbl
Built simulation snapshot testbench_behav
INFO: [USF-XSim-69] 'elaborate' step finished in '2' seconds
INFO: [USF-XSim-4] XSim::Simulate design
INFO: [USF-XSim-61] Executing 'SIMULATE' step in 'C:/Users/otienom/Documents/ece212_alex_maurice/lab8/processor_designs/Mips_32_bit_sing_cycle_processor/Mips_32_bit_sing_cycle_processor.sim/sim_1/behav/xsim'
INFO: [USF-XSim-98] *** Running xsim
   with args "testbench_behav -key {Behavioral:sim_1:Functional:testbench} -tclbatch {testbench.tcl} -log {simulate.log}"
INFO: [USF-XSim-8] Loading simulator feature
Vivado Simulator 2020.2
Time resolution is 1 ps
source testbench.tcl
# set curr_wave [current_wave_config]
# if { [string length $curr_wave] == 0 } {
#   if { [llength [get_objects]] > 0} {
#     add_wave /
#     set_property needs_save false [current_wave_config]
#   } else {
#      send_msg_id Add_Wave-1 WARNING "No top level signals found. Simulator will start without a wave window. If you want to open a wave window go to 'File->New Waveform Configuration' or type 'create_wave_config' in the TCL console."
#   }
# }
# run 1000ns
Simulation succeeded
$stop called at time : 170 ns : File "C:/Users/otienom/Documents/ece212_alex_maurice/lab8/mips_L_single/sv/testbench.sv" Line 44
INFO: [USF-XSim-96] XSim completed. Design snapshot 'testbench_behav' loaded.
INFO: [USF-XSim-97] XSim simulation ran for 1000ns
launch_simulation: Time (s): cpu = 00:00:01 ; elapsed = 00:00:05 . Memory (MB): peak = 2234.598 ; gain = 0.000
launch_runs synth_1 -jobs 6
[Thu Nov  9 15:42:34 2023] Launched synth_1...
Run output will be captured here: C:/Users/otienom/Documents/ece212_alex_maurice/lab8/processor_designs/Mips_32_bit_sing_cycle_processor/Mips_32_bit_sing_cycle_processor.runs/synth_1/runme.log
close_design
open_run synth_1 -name synth_1
Design is defaulting to impl run constrset: constrs_1
Design is defaulting to synth run part: xc7a100tcsg324-1
Netlist sorting complete. Time (s): cpu = 00:00:00 ; elapsed = 00:00:00.007 . Memory (MB): peak = 3008.609 ; gain = 0.000
INFO: [Netlist 29-17] Analyzing 40 Unisim elements for replacement
INFO: [Netlist 29-28] Unisim Transformation completed in 0 CPU seconds
INFO: [Project 1-479] Netlist was created with Vivado 2020.2
INFO: [Project 1-570] Preparing netlist for logic optimization
INFO: [Opt 31-138] Pushed 0 inverter(s) to 0 load pin(s).
Netlist sorting complete. Time (s): cpu = 00:00:00 ; elapsed = 00:00:00 . Memory (MB): peak = 3008.609 ; gain = 0.000
INFO: [Project 1-111] Unisim Transformation Summary:
  A total of 12 instances were transformed.
  RAM32M => RAM32M (RAMD32(x6), RAMS32(x2)): 12 instances

close_sim
INFO: [Simtcl 6-16] Simulation closed
launch_simulation
Command: launch_simulation 
INFO: [Vivado 12-5682] Launching behavioral simulation in 'C:/Users/otienom/Documents/ece212_alex_maurice/lab8/processor_designs/Mips_32_bit_sing_cycle_processor/Mips_32_bit_sing_cycle_processor.sim/sim_1/behav/xsim'
INFO: [SIM-utils-51] Simulation object is 'sim_1'
INFO: [SIM-utils-54] Inspecting design source files for 'testbench' in fileset 'sim_1'...
INFO: [SIM-utils-43] Exported 'C:/Users/otienom/Documents/ece212_alex_maurice/lab8/processor_designs/Mips_32_bit_sing_cycle_processor/Mips_32_bit_sing_cycle_processor.sim/sim_1/behav/xsim/memfile.dat'
INFO: [SIM-utils-43] Exported 'C:/Users/otienom/Documents/ece212_alex_maurice/lab8/processor_designs/Mips_32_bit_sing_cycle_processor/Mips_32_bit_sing_cycle_processor.sim/sim_1/behav/xsim/test2.data'
INFO: [USF-XSim-97] Finding global include files...
INFO: [USF-XSim-98] Fetching design files from 'sim_1'...
INFO: [USF-XSim-2] XSim::Compile design
INFO: [USF-XSim-61] Executing 'COMPILE and ANALYZE' step in 'C:/Users/otienom/Documents/ece212_alex_maurice/lab8/processor_designs/Mips_32_bit_sing_cycle_processor/Mips_32_bit_sing_cycle_processor.sim/sim_1/behav/xsim'
"xvlog --incr --relax -L uvm -prj testbench_vlog.prj"
INFO: [VRFC 10-2263] Analyzing SystemVerilog file "C:/Users/otienom/Documents/ece212_alex_maurice/lab8/mips_L_single/sv/adder.sv" into library xil_defaultlib
INFO: [VRFC 10-311] analyzing module adder
INFO: [VRFC 10-2263] Analyzing SystemVerilog file "C:/Users/otienom/Documents/ece212_alex_maurice/lab8/mips_L_single/sv/alu.sv" into library xil_defaultlib
INFO: [VRFC 10-311] analyzing module alu
INFO: [VRFC 10-2263] Analyzing SystemVerilog file "C:/Users/otienom/Documents/ece212_alex_maurice/lab8/mips_L_single/sv/mips_decls_p.sv" into library xil_defaultlib
INFO: [VRFC 10-2263] Analyzing SystemVerilog file "C:/Users/otienom/Documents/ece212_alex_maurice/lab8/mips_L_single/sv/aludec.sv" into library xil_defaultlib
INFO: [VRFC 10-311] analyzing module aludec
INFO: [VRFC 10-2263] Analyzing SystemVerilog file "C:/Users/otienom/Documents/ece212_alex_maurice/lab8/mips_L_single/sv/controller.sv" into library xil_defaultlib
INFO: [VRFC 10-311] analyzing module controller
INFO: [VRFC 10-2263] Analyzing SystemVerilog file "C:/Users/otienom/Documents/ece212_alex_maurice/lab8/mips_L_single/sv/datapath.sv" into library xil_defaultlib
INFO: [VRFC 10-311] analyzing module datapath
INFO: [VRFC 10-2263] Analyzing SystemVerilog file "C:/Users/otienom/Documents/ece212_alex_maurice/lab8/mips_L_single/sv/dmem.sv" into library xil_defaultlib
INFO: [VRFC 10-311] analyzing module dmem
INFO: [VRFC 10-2263] Analyzing SystemVerilog file "C:/Users/otienom/Documents/ece212_alex_maurice/lab8/mips_L_single/sv/flopr.sv" into library xil_defaultlib
INFO: [VRFC 10-311] analyzing module flopr
INFO: [VRFC 10-2263] Analyzing SystemVerilog file "C:/Users/otienom/Documents/ece212_alex_maurice/lab8/mips_L_single/sv/imem.sv" into library xil_defaultlib
INFO: [VRFC 10-311] analyzing module imem
INFO: [VRFC 10-2263] Analyzing SystemVerilog file "C:/Users/otienom/Documents/ece212_alex_maurice/lab8/mips_L_single/sv/maindec.sv" into library xil_defaultlib
INFO: [VRFC 10-311] analyzing module maindec
INFO: [VRFC 10-2263] Analyzing SystemVerilog file "C:/Users/otienom/Documents/ece212_alex_maurice/lab8/mips_L_single/sv/mips.sv" into library xil_defaultlib
INFO: [VRFC 10-311] analyzing module mips
INFO: [VRFC 10-2263] Analyzing SystemVerilog file "C:/Users/otienom/Documents/ece212_alex_maurice/lab8/mips_L_single/sv/mux2.sv" into library xil_defaultlib
INFO: [VRFC 10-311] analyzing module mux2
INFO: [VRFC 10-2263] Analyzing SystemVerilog file "C:/Users/otienom/Documents/ece212_alex_maurice/lab8/mips_L_single/sv/regfile.sv" into library xil_defaultlib
INFO: [VRFC 10-311] analyzing module regfile
INFO: [VRFC 10-2263] Analyzing SystemVerilog file "C:/Users/otienom/Documents/ece212_alex_maurice/lab8/mips_L_single/sv/signext.sv" into library xil_defaultlib
INFO: [VRFC 10-311] analyzing module signext
INFO: [VRFC 10-2263] Analyzing SystemVerilog file "C:/Users/otienom/Documents/ece212_alex_maurice/lab8/mips_L_single/sv/sl2.sv" into library xil_defaultlib
INFO: [VRFC 10-311] analyzing module sl2
INFO: [VRFC 10-2263] Analyzing SystemVerilog file "C:/Users/otienom/Documents/ece212_alex_maurice/lab8/mips_L_single/sv/top.sv" into library xil_defaultlib
INFO: [VRFC 10-311] analyzing module top
INFO: [VRFC 10-2263] Analyzing SystemVerilog file "C:/Users/otienom/Documents/ece212_alex_maurice/lab8/mips_L_single/sv/testbench.sv" into library xil_defaultlib
INFO: [VRFC 10-311] analyzing module testbench
INFO: [USF-XSim-69] 'compile' step finished in '1' seconds
INFO: [USF-XSim-3] XSim::Elaborate design
INFO: [USF-XSim-61] Executing 'ELABORATE' step in 'C:/Users/otienom/Documents/ece212_alex_maurice/lab8/processor_designs/Mips_32_bit_sing_cycle_processor/Mips_32_bit_sing_cycle_processor.sim/sim_1/behav/xsim'
"xelab -wto c9fd3c1094204949b8b84ac1337b026c --incr --debug typical --relax --mt 2 -L xil_defaultlib -L uvm -L unisims_ver -L unimacro_ver -L secureip --snapshot testbench_behav xil_defaultlib.testbench xil_defaultlib.glbl -log elaborate.log"
Vivado Simulator 2020.2
Copyright 1986-1999, 2001-2020 Xilinx, Inc. All Rights Reserved.
Running: C:/Xilinx/Vivado/2020.2/bin/unwrapped/win64.o/xelab.exe -wto c9fd3c1094204949b8b84ac1337b026c --incr --debug typical --relax --mt 2 -L xil_defaultlib -L uvm -L unisims_ver -L unimacro_ver -L secureip --snapshot testbench_behav xil_defaultlib.testbench xil_defaultlib.glbl -log elaborate.log 
Using 2 slave threads.
Starting static elaboration
Pass Through NonSizing Optimizer
Completed static elaboration
Starting simulation data flow analysis
WARNING: [XSIM 43-4100] "C:/Users/otienom/Documents/ece212_alex_maurice/lab8/processor_designs/Mips_32_bit_sing_cycle_processor/Mips_32_bit_sing_cycle_processor.sim/sim_1/behav/xsim/glbl.v" Line 6. Module glbl has a timescale but at least one module in design doesn't have timescale.
WARNING: [XSIM 43-4100] "C:/Users/otienom/Documents/ece212_alex_maurice/lab8/processor_designs/Mips_32_bit_sing_cycle_processor/Mips_32_bit_sing_cycle_processor.sim/sim_1/behav/xsim/glbl.v" Line 6. Module glbl has a timescale but at least one module in design doesn't have timescale.
Completed simulation data flow analysis
Time Resolution for simulation is 1ps
Compiling package xil_defaultlib.mips_decls_p
Compiling module xil_defaultlib.maindec
Compiling module xil_defaultlib.aludec
Compiling module xil_defaultlib.controller
Compiling module xil_defaultlib.flopr(WIDTH=32)
Compiling module xil_defaultlib.adder
Compiling module xil_defaultlib.sl2
Compiling module xil_defaultlib.mux2(WIDTH=32)
Compiling module xil_defaultlib.mux2(WIDTH=5)
Compiling module xil_defaultlib.regfile
Compiling module xil_defaultlib.signext
Compiling module xil_defaultlib.alu
Compiling module xil_defaultlib.datapath
Compiling module xil_defaultlib.mips
Compiling module xil_defaultlib.imem
Compiling module xil_defaultlib.dmem
Compiling module xil_defaultlib.top
Compiling module xil_defaultlib.testbench
Compiling module xil_defaultlib.glbl
Built simulation snapshot testbench_behav
INFO: [USF-XSim-69] 'elaborate' step finished in '2' seconds
INFO: [USF-XSim-4] XSim::Simulate design
INFO: [USF-XSim-61] Executing 'SIMULATE' step in 'C:/Users/otienom/Documents/ece212_alex_maurice/lab8/processor_designs/Mips_32_bit_sing_cycle_processor/Mips_32_bit_sing_cycle_processor.sim/sim_1/behav/xsim'
INFO: [USF-XSim-98] *** Running xsim
   with args "testbench_behav -key {Behavioral:sim_1:Functional:testbench} -tclbatch {testbench.tcl} -log {simulate.log}"
INFO: [USF-XSim-8] Loading simulator feature
Vivado Simulator 2020.2
Time resolution is 1 ps
source testbench.tcl
# set curr_wave [current_wave_config]
# if { [string length $curr_wave] == 0 } {
#   if { [llength [get_objects]] > 0} {
#     add_wave /
#     set_property needs_save false [current_wave_config]
#   } else {
#      send_msg_id Add_Wave-1 WARNING "No top level signals found. Simulator will start without a wave window. If you want to open a wave window go to 'File->New Waveform Configuration' or type 'create_wave_config' in the TCL console."
#   }
# }
# run 1000ns
WARNING: File test2.dat referenced on C:/Users/otienom/Documents/ece212_alex_maurice/lab8/mips_L_single/sv/imem.sv at line 34 cannot be opened for reading. Please ensure that this file is available in the current working directory.
$stop called at time : 210 ns : File "C:/Users/otienom/Documents/ece212_alex_maurice/lab8/mips_L_single/sv/testbench.sv" Line 59
INFO: [USF-XSim-96] XSim completed. Design snapshot 'testbench_behav' loaded.
INFO: [USF-XSim-97] XSim simulation ran for 1000ns
launch_simulation: Time (s): cpu = 00:00:00 ; elapsed = 00:00:05 . Memory (MB): peak = 3008.609 ; gain = 0.000
close_sim
INFO: [Simtcl 6-16] Simulation closed
exit
INFO: [Common 17-206] Exiting Vivado at Thu Nov  9 15:54:09 2023...
